Case #1: 1 0 0 0 0 0 0 0 0 0
Case #2: 670 520
Case #3: 324734719 609744682
Case #4: 61855345 692935024 566478942
Case #5: 226236549 331620983 124558104 434553859
Case #6: 578495737 313748600 301432426 633423445 26426602
Case #7: 310819921 102938224 554381427 615716299 719859092 95636442
Case #8: 243897860
Case #9: 809055488 160792283 584267014
Case #10: 60756744 426184824
Case #11: 89243713 861671839 328649772 497883256
Case #12: 812080353 205433813 834904553 854086015
Case #13: 764197312 867637049 138282067 490378407
Case #14: 351242012 978721973 772281518 493261442 391944862
Case #15: 203894904 347942921 845055060 261018012
Case #16: 849694851 121817405 469543355
Case #17: 673550070 70575291 826111579 737654521 689262469
Case #18: 686280511 718954391 246155192
Case #19: 820280235 680595545
Case #20: 75994851 291486890
Case #21: 962382114 646528242 428468240
Case #22: 31116887 426084451 426084451
Case #23: 493958976
Case #24: 25081074 726765359 962584518 414755997 449415622
Case #25: 50322724
Case #26: 749033076
Case #27: 155529113 323542566
Case #28: 599488855 864698811
Case #29: 784754296 495034141
Case #30: 922855336 378796617 207466693 455247265
Case #31: 220464687
Case #32: 94904372
Case #33: 148108653 213665283 162099104 512979492 791602200
Case #34: 961396197 461122654 522505214 167735547
Case #35: 254947856 258942323 822563789
Case #36: 631941519 475620178 435204654 655887920 62113058
Case #37: 519849284 367161493 367161493
Case #38: 719465825
Case #39: 630857247 67838851 641497488 52182132 709458051
Case #40: 296075477
Case #41: 971265028 573695776 379521402
Case #42: 7976994 161382374 233017480
Case #43: 960285114 434343029 589811192 589811192 434343029
Case #44: 816056511 459291314 316079452 767069435
Case #45: 79895623 783573099 489580612
Case #46: 786357187
Case #47: 445303540 609925441 976315751 786724734 213383736
Case #48: 490902829 447799481
Case #49: 773340572 270263626 476127761 308049892 787177463
Case #50: 247287984 240606017 643860069
Case #51: 744362550
Case #52: 491218681 682977695
Case #53: 466276985 332522755 22936318 946270722 192982118
Case #54: 107051591
Case #55: 965642099 578695812 414077075
Case #56: 138605244 259981225
Case #57: 785212304 332650128
Case #58: 327517854 792813960 792813960
Case #59: 72800967 824596893
Case #60: 61747896 210508087
Case #61: 938017386
Case #62: 485127590 522858072 882140793
Case #63: 869147715 307206187 774925718
Case #64: 558558971
Case #65: 121500394 240548239
Case #66: 410116253 486919195 339866563 259588653
Case #67: 446764033 609285638
Case #68: 258170817 373462490
Case #69: 40445132 702561857 434295588 814443380
Case #70: 375509649 250687261 686644786 684008829 905800778
Case #71: 913490096 842430981
Case #72: 485905822 118859521 732485231
Case #73: 736888121 75484852 283894638 63398123
Case #74: 874827715 222309871 883948450 359191145
Case #75: 956745051 812720895 371379166 567328020 831519823
Case #76: 91804139
Case #77: 394340900 507340472 393456170
Case #78: 105618647 123530099 567366726 609830189
Case #79: 560077688 870329912 769511030 866721202
Case #80: 596031972 983582358 331150275
Case #81: 972826567 86549118 579105406 934657540
Case #82: 302910818 354080779 162641206 944771187 39598328
Case #83: 197444463
Case #84: 223314624 970508980
Case #85: 115885270 279118579 731104066 181663422
Case #86: 699862428 886942970
Case #87: 247249797
Case #88: 317150665 861116243
Case #89: 562608198 827131689 126562190
Case #90: 640877452
Case #91: 426253875 644828042 443255343 953349260
Case #92: 699592266 527016909 820195170 477204134 705661217
Case #93: 393083765
Case #94: 398845174 913416207 668197276 740783900
Case #95: 529045512 731670029 828892476 780954136
Case #96: 373776507 554892354 771467396 245198980 636241214
Case #97: 699423892 427395041 747028164 397834316
Case #98: 153595391 911168775 281012387 636154718 433226246
Case #99: 37008019 536285265
Case #100: 497939179 254040610 155428131 634419646
Case #101: 727389656 734654630 91835137 258736062 247455874 742782893
Case #102: 437923594 11212440 717469360 363375745 807091672 37435911 17953160 753428277
Case #103: 629301692 204507823 82322945 731965087 135090487 709066013 920804102 903887157 388582430
Case #104: 174507496 827825705 820522406 977432165 445396818 219520408 153923887 693240113 426730256 559492283
Case #105: 868375860 172740281 655450548 794070989 343304505 215088518 960109612 109202107
Case #106: 605320175 213812952 616479466 214655000 927080471 927593631 661278042 728431471 878594926
Case #107: 452198077 716221320 136403288 937278444 375186100 439247162 619022664 349944843 147494695
Case #108: 717956372 435204336 316543107 16636343 974673397 647863146 969605543 299712539 32216377 533862411
Case #109: 28139247 238442195 761568981 500013305 302843153 276055076 739380293 942221668
Case #110: 819503970 630199551 97550411 633686625 560796293 840010591 357902017 101923122 484528716
Case #111: 438874421 55506431 831992890 108117401 762344929 598535180 439072025
Case #112: 244035397 713224087 812725176 53111278 698434030 575099243 5400841 456313370
Case #113: 629092412 464972257 894172578 200187285 285187075 291959317
Case #114: 884850130 864424240 980302391 209960101 403694382 708113630 73723147 465509704 524066391 185244187
Case #115: 647707195 214397458 671693589 572270715 351914693 27512
Case #116: 321625755 910831879 215086307 636778621 78057089 865412850
Case #117: 247189360 30205547 558734378 731876427 963164387 794584427
Case #118: 555356588 114830773 882320227 506250002 729943996 770098068 744957428 314869595
Case #119: 18261478 531535032 186511560 311407363 204095319 142856251 843928177 264791415 866412733
Case #120: 24411372 298855376 678302590 160798943 855985864 675171831 290526950
Case #121: 66847348 962791999 645359153 625642236 682204531 11787914 541389769 818032570
Case #122: 359272165 99180418 486853607 908135696 223428881 572015290 50160546 937965598 553305367
Case #123: 463639690 246386311 730681858 748252233 183020930 490458048
Case #124: 630381046 792319331 342046350 31270688 472064459 70115603 355192798 210439089 886083541 430059399
Case #125: 964233511 922527189 111486664 722770768 844062241 815047261 457730930 803094943 935379382 168788750
Case #126: 40981553 131789139 786292087 781635332 448320551 444368545
Case #127: 261101434 426397559 766195860 632914004 701021958 630519462
Case #128: 807737701 896163620 611112651 549216268 488715435 756145521
Case #129: 221549076 632017746 215752027 814555661 356284946 651677099 476020639
Case #130: 313055872 248373774 548178375 11955576 187341785 788767349 133406237
Case #131: 105796017 70703629 383907631 705121008 619199414 356030531 704071371 552581048
Case #132: 898757737 875881045 572485056 98336401 694730349
Case #133: 529131117 952968448 615397498 876748404 780931132
Case #134: 824808304 903251358 677368619 300993235 952479704 906893830
Case #135: 772784609 685982823 697611631 601234929 953657126
Case #136: 446527133 1622375 49161106 911360188 424116865 259269971 600632304 855042249
Case #137: 921726003 278218039 307475447 164384996 312293719
Case #138: 949942191 709077619 422833405 297226825 218135824 35009937 558353363 671195398
Case #139: 683600165 351657518 804754615 925071396 239700556
Case #140: 34006189 161388653 85057319 848638120 856978654 641218157 36336735 841808332 859057194 434126806
Case #141: 866301653 35595516 673792232 752002502 78128819 210019990 937972784 586977625 904887495 249213373
Case #142: 899958914 495931810 853537210 72996361 190979336
Case #143: 984437509 595817484 287244237 315293196 358626777 65991475 489939042 481278569 606200784
Case #144: 460097576 19438295 395089344 616301597 719532589 775190316
Case #145: 333761283 983557861 837402127 802146843 646186591 286386083 7252545 926548800 61213436
Case #146: 200357062 327350164 290080788 700753280 422927468 11017005
Case #147: 715788272 32585724 897545109 242219981 397893927 717108052 597089505 190047470
Case #148: 913088116 103042796 28253397 389636340 609613671 816454496 397283646 193430372 187789652 663025684
Case #149: 172598956 443744620 223665572 431797570 889916908 890615923 686269519
Case #150: 444409073 243931604 678474853 183889802 734027266 273485768 452836029 673678479
Case #151: 593370851 763085435 945945446 757859815 638694000 417190968 888992675
Case #152: 244789915 73248279 233768201 525624338 434514131 468096261 670135259 791231356 282973437
Case #153: 705219211 541471115 562735260 322061054 383740557 224245840 489055128
Case #154: 489036625 840932957 547746647 774166540 409283137 63813725 943521145 803617598 552555433 957871420
Case #155: 115991190 96335622 691878443 480617165 796661142 213340654 790384940 133006027 525885968 225560607
Case #156: 745827348 595377128 43291623 235426556 161985430 697042402 471544857 523143456 21164165
Case #157: 140541658 577869181 186080657 411332084 867408654 681359982
Case #158: 808953594 94820521 488740213 917463181 372031887 933419374
Case #159: 108668706 688424198 111139533 782383168 873626225 432182089 312228699 192973628
Case #160: 415592713 416752437 892533442 324865423 600500819 580317921 169243613 436997342 877151149
Case #161: 875390402 149125180 151672680 351167052 341512048
Case #162: 428088660 784070865 484042104 766138560 309868393
Case #163: 408852571 678668695 373761571 443020823 361918799 10147575
Case #164: 547601840 240136131 977249509 140304077 332041398 343130317
Case #165: 711254334 647376182 355531597 23069679 101865306 294724899 753807015 925177940 656853984
Case #166: 357860106 128255144 383806860 965058736 86552849
Case #167: 304087996 480661386 680105331 557580687 245611887
Case #168: 767070081 402523709 116744227 917901986 865188475 43485902 826891211 389768108 414363751
Case #169: 700314746 202860571 126591689 830973231 60098045 396251984
Case #170: 206611411 369472919 401728561 894692872 23987207 52219585
Case #171: 908492097 471395706 247900198 449303007 539752028
Case #172: 626730584 666832618 543780908 800137448 565041712
Case #173: 202781219 866412042 958079889 410558332 916515965 97139696 544052774 655202399 568726892
Case #174: 232360565 250370423 367065284 173364137 115283655 384307611 39913045 98786018 974780189
Case #175: 71130064 475038634 927763194 646577301 292687212 728442968 40750752 84476158
Case #176: 562282797 255827638 583743105 695535472 219704967 594816891 159544150 462911932 408426099
Case #177: 590489548 466552936 110859970 979199679 847333168
Case #178: 530921266 819441552 559671405 402380072 872229366 679243622 800345486 288591662
Case #179: 793136818 132838256 133539338 194409030 941644708 299963455 893131789 120905273 487868901
Case #180: 713051544 906761420 218527378 624705059 11350497 879892701 180763812 301869727 375019327
Case #181: 836494524 77229386 493130828 907487009 198235432 205991833 255604147 806056992 3287785 606902653
Case #182: 71035764 221057722 788037556 216297763 797100628 849741717 958627631 874855982 778763770 625990336
Case #183: 582374781 541371368 1328018 59186159 325359134 620714051 270640344 873167499
Case #184: 924245474 395102097 890227140 486780136 231636073 314100342 451113527 649023718
Case #185: 891619818 534108421 634489381 147908428 982545722 717428731 447358020 495455190
Case #186: 480222771 165714214 88476169 850488740 690434767
Case #187: 933950103 870480220 617489051 946558670 875699577 497067795 854098129
Case #188: 461054386 50360779 326626164 974231182 940392362 719650076
Case #189: 656356461 619381103 106895267 558045120 755635041 317199161 963882803 444450705
Case #190: 96547087 34924314 292389802 388127160 337457108 36528071
Case #191: 980022005 770358899 171968568 131412605 147041650 916307555 240650557
Case #192: 369898677 316342557 418433411 646993601 345723240 685001730
Case #193: 890618453 682886125 424842706 869974880 732744818 176006715 73470977 809939456
Case #194: 719859953 691025227 813081374 138484916 119086075 687069044 494201123 915560348 452733277
Case #195: 896930401 872508257 263287647 181328032 18737346 347051750 207777814 152960016 214427563
Case #196: 229389381 355679107 924357789 137738578 437325267 938048641 164179371 644714492 422132896 421024486
Case #197: 342505129 754533925 688739971 433384810 60382829 135524556
Case #198: 888446145 423463308 139895210 757296032 90494014 967752326 177852900 838316173 515747463
Case #199: 972378680 477663567 234981347 40838570 263748270 333551044
Case #200: 529386713 737070347 140222684 214433543 746238434
Case #201: 960053659 480629453 480991715 225877181 835593307 494690836 547150456 351928895 424452906 166791070
Case #202: 725393318 715515446 391037136 624846925 735066065 92376519 794446136 509392403 308359392 647176627
Case #203: 465537072 125066756 242110894 673798683 329717574 171075214 461485910 153473226 676873604 623938592
Case #204: 346268281 438695186 732576004 832988921 796472852 290916253 768817702 118625095 19038063 105611032
Case #205: 955961690 533431663 251121685 44241461 731447841 297612808 29399231 158161191 254708234 748116001
